Using pre-set license
Built from '2020.3/staging' branch; Version is '2020.3.19f1 (68f137dc9bbe) revision 6877495'; Using compiler version '192528614'; Build Type 'Release'
OS: 'Windows 10 Home; OS build 19043.1149; Version 2009; 64bit' Language: 'en' Physical Memory: 3959 MB
BatchMode: 1, IsHumanControllingUs: 0, StartBugReporterOnCrash: 0, Is64bit: 1, IsPro: 0

COMMAND LINE ARGUMENTS:
C:\Program Files\Unity\Hub\Editor\2020.3.19f1\Editor\Unity.exe
-adb2
-batchMode
-noUpm
-name
AssetImportWorker1
-projectPath
D:/GameDev/LATIHAN 2021-2022/02.Simple Tower Defense 14-11-2021/Tower defense
-logFile
Logs/AssetImportWorker1.log
-srvPort
50149
Successfully changed project path to: D:/GameDev/LATIHAN 2021-2022/02.Simple Tower Defense 14-11-2021/Tower defense
D:/GameDev/LATIHAN 2021-2022/02.Simple Tower Defense 14-11-2021/Tower defense
Using Asset Import Pipeline V2.
Refreshing native plugins compatible for Editor in 187.37 ms, found 3 plugins.
Preloading 0 native plugins for Editor in 0.00 ms.
Initialize engine version: 2020.3.19f1 (68f137dc9bbe)
[Subsystems] Discovering subsystems at path C:/Program Files/Unity/Hub/Editor/2020.3.19f1/Editor/Data/Resources/UnitySubsystems
[Subsystems] Discovering subsystems at path D:/GameDev/LATIHAN 2021-2022/02.Simple Tower Defense 14-11-2021/Tower defense/Assets
GfxDevice: creating device client; threaded=0
Direct3D:
    Version:  Direct3D 11.0 [level 11.1]
    Renderer: Intel(R) HD Graphics 500 (ID=0x5a85)
    Vendor:   
    VRAM:     1979 MB
    Driver:   30.0.100.9955
Initialize mono
Mono path[0] = 'C:/Program Files/Unity/Hub/Editor/2020.3.19f1/Editor/Data/Managed'
Mono path[1] = 'C:/Program Files/Unity/Hub/Editor/2020.3.19f1/Editor/Data/MonoBleedingEdge/lib/mono/unityjit'
Mono config path = 'C:/Program Files/Unity/Hub/Editor/2020.3.19f1/Editor/Data/MonoBleedingEdge/etc'
Using monoOptions --debugger-agent=transport=dt_socket,embedding=1,server=y,suspend=n,address=127.0.0.1:56276
Begin MonoManager ReloadAssembly
Registering precompiled unity dll's ...
Register platform support module: C:/Program Files/Unity/Hub/Editor/2020.3.19f1/Editor/Data/PlaybackEngines/WindowsStandaloneSupport/UnityEditor.WindowsStandalone.Extensions.dll
Registered in 0.005876 seconds.
Native extension for WindowsStandalone target not found
Refreshing native plugins compatible for Editor in 141.73 ms, found 3 plugins.
Preloading 0 native plugins for Editor in 0.00 ms.
Mono: successfully reloaded assembly
- Completed reload, in  7.398 seconds
Domain Reload Profiling:
	ReloadAssembly (7399ms)
		BeginReloadAssembly (272ms)
			ExecutionOrderSort (0ms)
			DisableScriptedObjects (0ms)
			BackupInstance (0ms)
			ReleaseScriptingObjects (0ms)
			CreateAndSetChildDomain (2ms)
		EndReloadAssembly (1624ms)
			LoadAssemblies (265ms)
			RebuildTransferFunctionScriptingTraits (0ms)
			SetupTypeCache (544ms)
			ReleaseScriptCaches (0ms)
			RebuildScriptCaches (98ms)
			SetupLoadedEditorAssemblies (750ms)
				LogAssemblyErrors (0ms)
				InitializePlatformSupportModulesInManaged (12ms)
				SetLoadedEditorAssemblies (1ms)
				RefreshPlugins (142ms)
				BeforeProcessingInitializeOnLoad (78ms)
				ProcessInitializeOnLoadAttributes (426ms)
				ProcessInitializeOnLoadMethodAttributes (90ms)
				AfterProcessingInitializeOnLoad (0ms)
				EditorAssembliesLoaded (1ms)
			ExecutionOrderSort2 (0ms)
			AwakeInstancesAfterBackupRestoration (0ms)
Platform modules already initialized, skipping
Registering precompiled user dll's ...
Registered in 0.009684 seconds.
Begin MonoManager ReloadAssembly
Native extension for WindowsStandalone target not found
Refreshing native plugins compatible for Editor in 209.96 ms, found 3 plugins.
Preloading 0 native plugins for Editor in 0.00 ms.
Mono: successfully reloaded assembly
- Completed reload, in  4.757 seconds
Domain Reload Profiling:
	ReloadAssembly (4759ms)
		BeginReloadAssembly (600ms)
			ExecutionOrderSort (0ms)
			DisableScriptedObjects (16ms)
			BackupInstance (0ms)
			ReleaseScriptingObjects (0ms)
			CreateAndSetChildDomain (88ms)
		EndReloadAssembly (3898ms)
			LoadAssemblies (421ms)
			RebuildTransferFunctionScriptingTraits (0ms)
			SetupTypeCache (1160ms)
			ReleaseScriptCaches (1ms)
			RebuildScriptCaches (184ms)
			SetupLoadedEditorAssemblies (1527ms)
				LogAssemblyErrors (0ms)
				InitializePlatformSupportModulesInManaged (24ms)
				SetLoadedEditorAssemblies (1ms)
				RefreshPlugins (210ms)
				BeforeProcessingInitializeOnLoad (289ms)
				ProcessInitializeOnLoadAttributes (916ms)
				ProcessInitializeOnLoadMethodAttributes (53ms)
				AfterProcessingInitializeOnLoad (32ms)
				EditorAssembliesLoaded (1ms)
			ExecutionOrderSort2 (0ms)
			AwakeInstancesAfterBackupRestoration (25ms)
Platform modules already initialized, skipping
========================================================================
Worker process is ready to serve import requests
Launched and connected shader compiler UnityShaderCompiler.exe after 0.12 seconds
Refreshing native plugins compatible for Editor in 1.66 ms, found 3 plugins.
Preloading 0 native plugins for Editor in 0.00 ms.
Unloading 2091 Unused Serialized files (Serialized files now loaded: 0)
System memory in use before: 93.9 MB.
System memory in use after: 94.0 MB.

Unloading 26 unused Assets to reduce memory usage. Loaded Objects now: 2530.
Total: 11.378100 ms (FindLiveObjects: 0.667400 ms CreateObjectMapping: 0.279600 ms MarkObjects: 10.232800 ms  DeleteObjects: 0.193200 ms)

AssetImportParameters requested are different than current active one (requested -> active):
  custom:framework-win-MediaFoundation: 216162199b28c13a410421893ffa2e32 -> 
  custom:video-decoder-ogg-theora: a1e56fd34408186e4bbccfd4996cb3dc -> 
  custom:container-muxer-webm: aa71ff27fc2769a1b78a27578f13a17b -> 
  custom:container-demuxer-webm: 4f35f7cbe854078d1ac9338744f61a02 -> 
  custom:container-demuxer-ogg: 62fdf1f143b41e24485cea50d1cbac27 -> 
  custom:video-encoder-webm-vp8: eb34c28f22e8b96e1ab97ce403110664 -> 
  custom:video-decoder-webm-vp8: 9c59270c3fd7afecdb556c50c9e8de78 -> 
  custom:audio-decoder-ogg-vorbis: bf7c407c2cedff20999df2af8eb42d56 -> 
  custom:audio-encoder-webm-vorbis: bf7c407c2cedff20999df2af8eb42d56 -> 
========================================================================
Received Import Request.
  path: Assets/Asset Pack/PNG/3.png
  artifactKey: Guid(e0e99399dc762784f80306120814c063) Importer(815301076,1909f56bfc062723c751e8b465ee728b)
Start importing Assets/Asset Pack/PNG/3.png using Guid(e0e99399dc762784f80306120814c063) Importer(815301076,1909f56bfc062723c751e8b465ee728b)  -> (artifact id: '428dc31036ed2a7ae84d563700e6931a') in 0.299525 seconds 
  Import took 0.329934 seconds .

========================================================================
Received Import Request.
  Time since last request: 0.000562 seconds.
  path: Assets/Asset Pack/PNG/2.png
  artifactKey: Guid(16ee4c532efecb44f912733fafd82320) Importer(815301076,1909f56bfc062723c751e8b465ee728b)
Start importing Assets/Asset Pack/PNG/2.png using Guid(16ee4c532efecb44f912733fafd82320) Importer(815301076,1909f56bfc062723c751e8b465ee728b)  -> (artifact id: '83153ab414061d5c7163d4dbe198fc7e') in 0.082142 seconds 
  Import took 0.090952 seconds .

========================================================================
Received Import Request.
  Time since last request: 0.000547 seconds.
  path: Assets/Asset Pack/PNG/1.png
  artifactKey: Guid(308b3f31eb1309548a1f6560a30505fb) Importer(815301076,1909f56bfc062723c751e8b465ee728b)
Start importing Assets/Asset Pack/PNG/1.png using Guid(308b3f31eb1309548a1f6560a30505fb) Importer(815301076,1909f56bfc062723c751e8b465ee728b)  -> (artifact id: '836740335c439b4070bff2ec01f94b27') in 0.069656 seconds 
  Import took 0.092893 seconds .

========================================================================
Received Import Request.
  Time since last request: 1463.608126 seconds.
  path: Assets/Asset Pack
  artifactKey: Guid(baa93aa4a390b1e4fb417722e8fa342f) Importer(815301076,1909f56bfc062723c751e8b465ee728b)
Start importing Assets/Asset Pack using Guid(baa93aa4a390b1e4fb417722e8fa342f) Importer(815301076,1909f56bfc062723c751e8b465ee728b)  -> (artifact id: '3a07c432317519e1b593ae0997936f4b') in 0.007705 seconds 
  Import took 0.049581 seconds .

========================================================================
Received Import Request.
  Time since last request: 8.497459 seconds.
  path: Assets/Asset Pack/SPRITE
  artifactKey: Guid(c16ddcd7b9af87e4681cb86b948cdb68) Importer(815301076,1909f56bfc062723c751e8b465ee728b)
Start importing Assets/Asset Pack/SPRITE using Guid(c16ddcd7b9af87e4681cb86b948cdb68) Importer(815301076,1909f56bfc062723c751e8b465ee728b)  -> (artifact id: 'c57cdc1404e46aed21f18d6269e161b1') in 0.009083 seconds 
  Import took 0.020486 seconds .

========================================================================
Received Import Request.
  Time since last request: 405.747528 seconds.
  path: Assets
  artifactKey: Guid(00000000000000001000000000000000) Importer(815301076,1909f56bfc062723c751e8b465ee728b)
Start importing Assets using Guid(00000000000000001000000000000000) Importer(815301076,1909f56bfc062723c751e8b465ee728b)  -> (artifact id: '42d402b061de3733987d63b9cc3b64de') in 0.004075 seconds 
  Import took 0.039011 seconds .

========================================================================
Received Import Request.
  Time since last request: 10.106361 seconds.
  path: Assets/Game
  artifactKey: Guid(cfe593b8cac7bcf4897461e7ff5f643d) Importer(815301076,1909f56bfc062723c751e8b465ee728b)
Start importing Assets/Game using Guid(cfe593b8cac7bcf4897461e7ff5f643d) Importer(815301076,1909f56bfc062723c751e8b465ee728b)  -> (artifact id: '9e20481f578c4d1dee02a9646e0a1147') in 0.008072 seconds 
  Import took 0.044656 seconds .

========================================================================
Received Import Request.
  Time since last request: 85.538994 seconds.
  path: Assets/Asset Pack/SPRITE/global.png
  artifactKey: Guid(4fb598a1a3d913a47bfa14618abfb80a) Importer(815301076,1909f56bfc062723c751e8b465ee728b)
Start importing Assets/Asset Pack/SPRITE/global.png using Guid(4fb598a1a3d913a47bfa14618abfb80a) Importer(815301076,1909f56bfc062723c751e8b465ee728b)  -> (artifact id: 'f4d924fc9be56bbca9fb97808643ab1e') in 0.066750 seconds 
  Import took 0.171227 seconds .

========================================================================
Received Import Request.
  Time since last request: 7.591762 seconds.
  path: Assets/Asset Pack/SPRITE/global.png
  artifactKey: Guid(4fb598a1a3d913a47bfa14618abfb80a) Importer(815301076,1909f56bfc062723c751e8b465ee728b)
Start importing Assets/Asset Pack/SPRITE/global.png using Guid(4fb598a1a3d913a47bfa14618abfb80a) Importer(815301076,1909f56bfc062723c751e8b465ee728b)  -> (artifact id: '144389fd409b5467efca24667b70dada') in 0.034290 seconds 
  Import took 0.053833 seconds .

========================================================================
Received Import Request.
  Time since last request: 41.519321 seconds.
  path: Assets/Asset Pack/SPRITE/global.png
  artifactKey: Guid(4fb598a1a3d913a47bfa14618abfb80a) Importer(815301076,1909f56bfc062723c751e8b465ee728b)
Start importing Assets/Asset Pack/SPRITE/global.png using Guid(4fb598a1a3d913a47bfa14618abfb80a) Importer(815301076,1909f56bfc062723c751e8b465ee728b)  -> (artifact id: 'cbaa1beb90fc2b7a80a56aab2d188974') in 0.809833 seconds 
  Import took 0.822929 seconds .

========================================================================
Received Import Request.
  Time since last request: 41.236590 seconds.
  path: Assets/Asset Pack/SPRITE/global.png
  artifactKey: Guid(4fb598a1a3d913a47bfa14618abfb80a) Importer(815301076,1909f56bfc062723c751e8b465ee728b)
Start importing Assets/Asset Pack/SPRITE/global.png using Guid(4fb598a1a3d913a47bfa14618abfb80a) Importer(815301076,1909f56bfc062723c751e8b465ee728b)  -> (artifact id: '86c83ef5aecfe75132489269f7586073') in 0.922768 seconds 
  Import took 0.931731 seconds .

========================================================================
Received Import Request.
  Time since last request: 168.310372 seconds.
  path: Assets/Game/Pallete/Ground.prefab
  artifactKey: Guid(5531f180e02fe9b4ba681d24d7f983c8) Importer(815301076,1909f56bfc062723c751e8b465ee728b)
Start importing Assets/Game/Pallete/Ground.prefab using Guid(5531f180e02fe9b4ba681d24d7f983c8) Importer(815301076,1909f56bfc062723c751e8b465ee728b)  -> (artifact id: 'ef6d11787e8f4c3d05e5d79713453c5a') in 0.280960 seconds 
  Import took 0.291149 seconds .

========================================================================
Received Import Request.
  Time since last request: 7.713367 seconds.
  path: Assets/Game/Tiles
  artifactKey: Guid(06a3e3b5aff0f074da02c62fd4de5204) Importer(815301076,1909f56bfc062723c751e8b465ee728b)
Start importing Assets/Game/Tiles using Guid(06a3e3b5aff0f074da02c62fd4de5204) Importer(815301076,1909f56bfc062723c751e8b465ee728b)  -> (artifact id: 'fbc7c0fadddbe905ef59a4f83222d35c') in 0.014435 seconds 
  Import took 0.029301 seconds .

========================================================================
Received Import Request.
  Time since last request: 2.820095 seconds.
  path: Assets/Game/Tiles/global_0.asset
  artifactKey: Guid(ce62639a5dea6e543b5ff38c8c72b6f7) Importer(815301076,1909f56bfc062723c751e8b465ee728b)
Start importing Assets/Game/Tiles/global_0.asset using Guid(ce62639a5dea6e543b5ff38c8c72b6f7) Importer(815301076,1909f56bfc062723c751e8b465ee728b)  -> (artifact id: 'e3624a3a16fb10a32e4a2d07ea9d69aa') in 0.082322 seconds 
  Import took 0.089403 seconds .

========================================================================
Received Import Request.
  Time since last request: 2.519734 seconds.
  path: Assets/Game/Tiles/global_102.asset
  artifactKey: Guid(a60a03165baf1d1429a5836a7c5af091) Importer(815301076,1909f56bfc062723c751e8b465ee728b)
Start importing Assets/Game/Tiles/global_102.asset using Guid(a60a03165baf1d1429a5836a7c5af091) Importer(815301076,1909f56bfc062723c751e8b465ee728b)  -> (artifact id: 'b12e683c93c417b7e381af1699d03782') in 0.018832 seconds 
  Import took 0.026026 seconds .

========================================================================
Received Import Request.
  Time since last request: 55.219696 seconds.
  path: Assets/Asset Pack/SPRITE/global.png
  artifactKey: Guid(4fb598a1a3d913a47bfa14618abfb80a) Importer(815301076,1909f56bfc062723c751e8b465ee728b)
Start importing Assets/Asset Pack/SPRITE/global.png using Guid(4fb598a1a3d913a47bfa14618abfb80a) Importer(815301076,1909f56bfc062723c751e8b465ee728b)  -> (artifact id: 'e62d84d8baeb52179d4e2b4cdd3c5668') in 1.054955 seconds 
  Import took 1.065900 seconds .

